0 info it worked if it ends with ok
1 verbose cli [ '/Users/corylozon/.nvm/versions/node/v6.11.1/bin/node',
1 verbose cli   '/Users/corylozon/.nvm/versions/node/v6.11.1/bin/npm',
1 verbose cli   'start' ]
2 info using npm@3.10.10
3 info using node@v6.11.1
4 verbose run-script [ 'prestart', 'start', 'poststart' ]
5 info lifecycle foxreact@1.0.0~prestart: foxreact@1.0.0
6 silly lifecycle foxreact@1.0.0~prestart: no script for prestart, continuing
7 info lifecycle foxreact@1.0.0~start: foxreact@1.0.0
8 verbose lifecycle foxreact@1.0.0~start: unsafe-perm in lifecycle true
9 verbose lifecycle foxreact@1.0.0~start: PATH: /Users/corylozon/.nvm/versions/node/v6.11.1/lib/node_modules/npm/bin/node-gyp-bin:/Users/corylozon/Documents/FinalH/FoxReact/node_modules/.bin:/Users/corylozon/.nvm/versions/node/v6.11.1/bin:/usr/local/bin:/usr/bin:/bin:/usr/sbin:/sbin:/Library/Frameworks/Mono.framework/Versions/Current/Commands
10 verbose lifecycle foxreact@1.0.0~start: CWD: /Users/corylozon/Documents/FinalH/FoxReact
11 silly lifecycle foxreact@1.0.0~start: Args: [ '-c', 'node.js' ]
12 info lifecycle foxreact@1.0.0~start: Failed to exec start script
13 verbose stack Error: foxreact@1.0.0 start: `node.js`
13 verbose stack spawn ENOENT
13 verbose stack     at ChildProcess.<anonymous> (/Users/corylozon/.nvm/versions/node/v6.11.1/lib/node_modules/npm/lib/utils/spawn.js:33:16)
13 verbose stack     at emitTwo (events.js:106:13)
13 verbose stack     at ChildProcess.emit (events.js:191:7)
13 verbose stack     at maybeClose (internal/child_process.js:891:16)
13 verbose stack     at Process.ChildProcess._handle.onexit (internal/child_process.js:226:5)
14 verbose pkgid foxreact@1.0.0
15 verbose cwd /Users/corylozon/Documents/FinalH/FoxReact
16 error Darwin 17.0.0
17 error argv "/Users/corylozon/.nvm/versions/node/v6.11.1/bin/node" "/Users/corylozon/.nvm/versions/node/v6.11.1/bin/npm" "start"
18 error node v6.11.1
19 error npm  v3.10.10
20 error file sh
21 error code ELIFECYCLE
22 error errno ENOENT
23 error syscall spawn
24 error foxreact@1.0.0 start: `node.js`
24 error spawn ENOENT
25 error Failed at the foxreact@1.0.0 start script 'node.js'.
25 error Make sure you have the latest version of node.js and npm installed.
25 error If you do, this is most likely a problem with the foxreact package,
25 error not with npm itself.
25 error Tell the author that this fails on your system:
25 error     node.js
25 error You can get information on how to open an issue for this project with:
25 error     npm bugs foxreact
25 error Or if that isn't available, you can get their info via:
25 error     npm owner ls foxreact
25 error There is likely additional logging output above.
26 verbose exit [ 1, true ]
